2024-05-16 17:32:20,374 - INFO - 
Config:
'add_train': False
'batch_size': 32
'continue_flag': ''
'debug_mode': False
'debug_num': 500
'do_continue_train': False
'do_figure_save': False
'do_log_print_to_screen': True
'do_log_save_to_file': True
'do_predict': True
'do_train': False
'do_train_visualized': False
'dropout_rate': 0.2
'epoch': 100
'feature_columns': [12, 15, 16, 17, 18]
'figure_save_path': './figure/'
'hidden_size': 64
'input_size': 4
'label_columns': [12]
'label_in_feature_index': [0]
'learning_rate': 0.0001
'log_save_path': './log/'
'lstm_layers': 2
'model_name': 'model_pytorch.pth'
'model_postfix': {'pytorch': '.pth'
'keras': '.h5'
'tensorflow': '.ckpt'}
'model_save_path': './checkpoint/pytorch/'
'output_size': 1
'patience': 50
'predict_day': 1
'random_seed': 42
'shuffle_train_data': True
'time_step': 14
'train_data_path': './data/Courses_reconstruct.csv'
'train_data_rate': 0.95
'use_cuda': True
'used_frame': 'pytorch'
'valid_data_rate': 0.15
2024-05-16 17:32:21,740 - INFO - The mean squared error of stock ['grade'] is [2.22383837 2.88743631 2.88743631 ... 2.70133221 2.88743631 2.88743631]
2024-05-16 17:32:21,977 - INFO - The predicted stock grade for the next 1 day(s) is: 0.0
2024-05-16 17:49:22,816 - INFO - 
Config:
'add_train': False
'batch_size': 32
'continue_flag': ''
'debug_mode': False
'debug_num': 500
'do_continue_train': False
'do_figure_save': False
'do_log_print_to_screen': True
'do_log_save_to_file': True
'do_predict': True
'do_train': False
'do_train_visualized': False
'dropout_rate': 0.2
'epoch': 100
'feature_columns': [12, 15, 16, 17, 18]
'figure_save_path': './figure/'
'hidden_size': 64
'input_size': 4
'label_columns': [12]
'label_in_feature_index': [0]
'learning_rate': 0.0001
'log_save_path': './log/'
'lstm_layers': 2
'model_name': 'model_pytorch.pth'
'model_postfix': {'pytorch': '.pth'
'keras': '.h5'
'tensorflow': '.ckpt'}
'model_save_path': './checkpoint/pytorch/'
'output_size': 1
'patience': 50
'predict_day': 1
'random_seed': 42
'shuffle_train_data': True
'time_step': 14
'train_data_path': './data/Courses_reconstruct.csv'
'train_data_rate': 0.95
'use_cuda': True
'used_frame': 'pytorch'
'valid_data_rate': 0.15
2024-05-16 17:49:22,862 - ERROR - Run Error
Traceback (most recent call last):
  File "D:\Program Files\JetBrains\PyCharm 2022.1.3\pythonProject\software-cup-python\线性回归评估学生表现分数\main.py", line 364, in main
    print("test_X.shape", type(test_X), test_X.shape)  # (50, 4)
AttributeError: 'list' object has no attribute 'shape'
2024-05-16 17:49:58,110 - INFO - 
Config:
'add_train': False
'batch_size': 32
'continue_flag': ''
'debug_mode': False
'debug_num': 500
'do_continue_train': False
'do_figure_save': False
'do_log_print_to_screen': True
'do_log_save_to_file': True
'do_predict': True
'do_train': False
'do_train_visualized': False
'dropout_rate': 0.2
'epoch': 100
'feature_columns': [12, 15, 16, 17, 18]
'figure_save_path': './figure/'
'hidden_size': 64
'input_size': 4
'label_columns': [12]
'label_in_feature_index': [0]
'learning_rate': 0.0001
'log_save_path': './log/'
'lstm_layers': 2
'model_name': 'model_pytorch.pth'
'model_postfix': {'pytorch': '.pth'
'keras': '.h5'
'tensorflow': '.ckpt'}
'model_save_path': './checkpoint/pytorch/'
'output_size': 1
'patience': 50
'predict_day': 1
'random_seed': 42
'shuffle_train_data': True
'time_step': 14
'train_data_path': './data/Courses_reconstruct.csv'
'train_data_rate': 0.95
'use_cuda': True
'used_frame': 'pytorch'
'valid_data_rate': 0.15
2024-05-16 17:49:58,157 - ERROR - Run Error
Traceback (most recent call last):
  File "D:\Program Files\JetBrains\PyCharm 2022.1.3\pythonProject\software-cup-python\线性回归评估学生表现分数\main.py", line 368, in main
    pred_result = predict(config, test_X)  # 这里输出的是未还原的归一化预测数据
  File "D:\Program Files\JetBrains\PyCharm 2022.1.3\pythonProject\software-cup-python\线性回归评估学生表现分数\model\model_pytorch.py", line 158, in predict
    test_X = torch.from_numpy(test_X).float()
TypeError: expected np.ndarray (got list)
2024-05-16 17:51:02,817 - INFO - 
Config:
'add_train': False
'batch_size': 32
'continue_flag': ''
'debug_mode': False
'debug_num': 500
'do_continue_train': False
'do_figure_save': False
'do_log_print_to_screen': True
'do_log_save_to_file': True
'do_predict': True
'do_train': False
'do_train_visualized': False
'dropout_rate': 0.2
'epoch': 100
'feature_columns': [12, 15, 16, 17, 18]
'figure_save_path': './figure/'
'hidden_size': 64
'input_size': 4
'label_columns': [12]
'label_in_feature_index': [0]
'learning_rate': 0.0001
'log_save_path': './log/'
'lstm_layers': 2
'model_name': 'model_pytorch.pth'
'model_postfix': {'pytorch': '.pth'
'keras': '.h5'
'tensorflow': '.ckpt'}
'model_save_path': './checkpoint/pytorch/'
'output_size': 1
'patience': 50
'predict_day': 1
'random_seed': 42
'shuffle_train_data': True
'time_step': 14
'train_data_path': './data/Courses_reconstruct.csv'
'train_data_rate': 0.95
'use_cuda': True
'used_frame': 'pytorch'
'valid_data_rate': 0.15
2024-05-16 17:51:02,865 - ERROR - Run Error
Traceback (most recent call last):
  File "D:\Program Files\JetBrains\PyCharm 2022.1.3\pythonProject\software-cup-python\线性回归评估学生表现分数\main.py", line 368, in main
    pred_result = predict(config, test_X)  # 这里输出的是未还原的归一化预测数据
  File "D:\Program Files\JetBrains\PyCharm 2022.1.3\pythonProject\software-cup-python\线性回归评估学生表现分数\model\model_pytorch.py", line 158, in predict
    test_X = torch.from_numpy(test_X).float()
TypeError: expected np.ndarray (got list)
2024-05-16 17:52:03,119 - INFO - 
Config:
'add_train': False
'batch_size': 32
'continue_flag': ''
'debug_mode': False
'debug_num': 500
'do_continue_train': False
'do_figure_save': False
'do_log_print_to_screen': True
'do_log_save_to_file': True
'do_predict': True
'do_train': False
'do_train_visualized': False
'dropout_rate': 0.2
'epoch': 100
'feature_columns': [12, 15, 16, 17, 18]
'figure_save_path': './figure/'
'hidden_size': 64
'input_size': 4
'label_columns': [12]
'label_in_feature_index': [0]
'learning_rate': 0.0001
'log_save_path': './log/'
'lstm_layers': 2
'model_name': 'model_pytorch.pth'
'model_postfix': {'pytorch': '.pth'
'keras': '.h5'
'tensorflow': '.ckpt'}
'model_save_path': './checkpoint/pytorch/'
'output_size': 1
'patience': 50
'predict_day': 1
'random_seed': 42
'shuffle_train_data': True
'time_step': 14
'train_data_path': './data/Courses_reconstruct.csv'
'train_data_rate': 0.95
'use_cuda': True
'used_frame': 'pytorch'
'valid_data_rate': 0.15
2024-05-16 17:52:03,166 - ERROR - Run Error
Traceback (most recent call last):
  File "D:\Program Files\JetBrains\PyCharm 2022.1.3\pythonProject\software-cup-python\线性回归评估学生表现分数\main.py", line 363, in main
    test_X =np.array[1,2,3,4]
TypeError: 'builtin_function_or_method' object is not subscriptable
2024-05-16 17:53:09,290 - INFO - 
Config:
'add_train': False
'batch_size': 32
'continue_flag': ''
'debug_mode': False
'debug_num': 500
'do_continue_train': False
'do_figure_save': False
'do_log_print_to_screen': True
'do_log_save_to_file': True
'do_predict': True
'do_train': False
'do_train_visualized': False
'dropout_rate': 0.2
'epoch': 100
'feature_columns': [12, 15, 16, 17, 18]
'figure_save_path': './figure/'
'hidden_size': 64
'input_size': 4
'label_columns': [12]
'label_in_feature_index': [0]
'learning_rate': 0.0001
'log_save_path': './log/'
'lstm_layers': 2
'model_name': 'model_pytorch.pth'
'model_postfix': {'pytorch': '.pth'
'keras': '.h5'
'tensorflow': '.ckpt'}
'model_save_path': './checkpoint/pytorch/'
'output_size': 1
'patience': 50
'predict_day': 1
'random_seed': 42
'shuffle_train_data': True
'time_step': 14
'train_data_path': './data/Courses_reconstruct.csv'
'train_data_rate': 0.95
'use_cuda': True
'used_frame': 'pytorch'
'valid_data_rate': 0.15
2024-05-16 17:53:09,477 - ERROR - Run Error
Traceback (most recent call last):
  File "D:\Program Files\JetBrains\PyCharm 2022.1.3\pythonProject\software-cup-python\线性回归评估学生表现分数\main.py", line 375, in main
    draw_Non_sequence(config, data_gainer, logger, pred_result)
  File "D:\Program Files\JetBrains\PyCharm 2022.1.3\pythonProject\software-cup-python\线性回归评估学生表现分数\main.py", line 261, in draw_Non_sequence
    assert label_data.shape[0] == predict_data.shape[0], "The element number in origin and predicted data is different"
AssertionError: The element number in origin and predicted data is different
2024-05-16 18:07:24,583 - INFO - 
Config:
'add_train': False
'batch_size': 32
'continue_flag': ''
'debug_mode': False
'debug_num': 500
'do_continue_train': False
'do_figure_save': False
'do_log_print_to_screen': True
'do_log_save_to_file': True
'do_predict': True
'do_train': False
'do_train_visualized': False
'dropout_rate': 0.2
'epoch': 100
'feature_columns': [12, 15, 16, 17, 18]
'figure_save_path': './figure/'
'hidden_size': 64
'input_size': 4
'label_columns': [12]
'label_in_feature_index': [0]
'learning_rate': 0.0001
'log_save_path': './log/'
'lstm_layers': 2
'model_name': 'model_pytorch.pth'
'model_postfix': {'pytorch': '.pth'
'keras': '.h5'
'tensorflow': '.ckpt'}
'model_save_path': './checkpoint/pytorch/'
'output_size': 1
'patience': 50
'predict_day': 1
'random_seed': 42
'shuffle_train_data': True
'time_step': 14
'train_data_path': './data/Courses_reconstruct.csv'
'train_data_rate': 0.95
'use_cuda': True
'used_frame': 'pytorch'
'valid_data_rate': 0.15
2024-05-16 18:07:25,793 - INFO - The mean squared error of stock ['grade'] is [2.22383837 2.88743631 2.88743631 ... 2.70133221 2.88743631 2.88743631]
2024-05-16 18:07:25,919 - INFO - The predicted stock grade for the next 1 day(s) is: 0.0
2024-05-16 18:18:05,047 - INFO - 
Config:
'add_train': False
'batch_size': 32
'continue_flag': ''
'debug_mode': False
'debug_num': 500
'do_continue_train': False
'do_figure_save': False
'do_log_print_to_screen': True
'do_log_save_to_file': True
'do_predict': True
'do_train': False
'do_train_visualized': False
'dropout_rate': 0.2
'epoch': 100
'feature_columns': [12, 15, 16, 17, 18]
'figure_save_path': './figure/'
'hidden_size': 64
'input_size': 4
'label_columns': [12]
'label_in_feature_index': [0]
'learning_rate': 0.0001
'log_save_path': './log/'
'lstm_layers': 2
'model_name': 'model_pytorch.pth'
'model_postfix': {'pytorch': '.pth'
'keras': '.h5'
'tensorflow': '.ckpt'}
'model_save_path': './checkpoint/pytorch/'
'output_size': 1
'patience': 50
'predict_day': 1
'random_seed': 42
'shuffle_train_data': True
'time_step': 14
'train_data_path': './data/Courses_reconstruct.csv'
'train_data_rate': 0.95
'use_cuda': True
'used_frame': 'pytorch'
'valid_data_rate': 0.15
2024-05-16 18:18:06,219 - INFO - The mean squared error of stock ['grade'] is [2.22383837 2.88743631 2.88743631 ... 2.70133221 2.88743631 2.88743631]
2024-05-16 18:18:06,313 - INFO - The predicted stock grade for the next 1 day(s) is: 0.0
2024-05-16 18:19:14,846 - INFO - 
Config:
'add_train': False
'batch_size': 32
'continue_flag': ''
'debug_mode': False
'debug_num': 500
'do_continue_train': False
'do_figure_save': False
'do_log_print_to_screen': True
'do_log_save_to_file': True
'do_predict': True
'do_train': False
'do_train_visualized': False
'dropout_rate': 0.2
'epoch': 100
'feature_columns': [12, 15, 16, 17, 18]
'figure_save_path': './figure/'
'hidden_size': 64
'input_size': 4
'label_columns': [12]
'label_in_feature_index': [0]
'learning_rate': 0.0001
'log_save_path': './log/'
'lstm_layers': 2
'model_name': 'model_pytorch.pth'
'model_postfix': {'pytorch': '.pth'
'keras': '.h5'
'tensorflow': '.ckpt'}
'model_save_path': './checkpoint/pytorch/'
'output_size': 1
'patience': 50
'predict_day': 1
'random_seed': 42
'shuffle_train_data': True
'time_step': 14
'train_data_path': './data/Courses_reconstruct.csv'
'train_data_rate': 0.95
'use_cuda': True
'used_frame': 'pytorch'
'valid_data_rate': 0.15
2024-05-16 18:19:15,028 - ERROR - Run Error
Traceback (most recent call last):
  File "D:\Program Files\JetBrains\PyCharm 2022.1.3\pythonProject\software-cup-python\线性回归评估学生表现分数\main.py", line 375, in main
    draw_Non_sequence(config, data_gainer, logger, pred_result)
  File "D:\Program Files\JetBrains\PyCharm 2022.1.3\pythonProject\software-cup-python\线性回归评估学生表现分数\main.py", line 261, in draw_Non_sequence
    assert label_data.shape[0] == predict_data.shape[0], "The element number in origin and predicted data is different"
AssertionError: The element number in origin and predicted data is different
2024-05-16 18:22:47,517 - INFO - 
Config:
'add_train': False
'batch_size': 32
'continue_flag': ''
'debug_mode': False
'debug_num': 500
'do_continue_train': False
'do_figure_save': False
'do_log_print_to_screen': True
'do_log_save_to_file': True
'do_predict': True
'do_train': False
'do_train_visualized': False
'dropout_rate': 0.2
'epoch': 100
'feature_columns': [12, 15, 16, 17, 18]
'figure_save_path': './figure/'
'hidden_size': 64
'input_size': 4
'label_columns': [12]
'label_in_feature_index': [0]
'learning_rate': 0.0001
'log_save_path': './log/'
'lstm_layers': 2
'model_name': 'model_pytorch.pth'
'model_postfix': {'pytorch': '.pth'
'keras': '.h5'
'tensorflow': '.ckpt'}
'model_save_path': './checkpoint/pytorch/'
'output_size': 1
'patience': 50
'predict_day': 1
'random_seed': 42
'shuffle_train_data': True
'time_step': 14
'train_data_path': './data/Courses_reconstruct.csv'
'train_data_rate': 0.95
'use_cuda': True
'used_frame': 'pytorch'
'valid_data_rate': 0.15
2024-05-16 18:22:48,741 - INFO - The mean squared error of stock ['grade'] is [2.22383837 2.88743631 2.88743631 ... 2.70133221 2.88743631 2.88743631]
2024-05-16 18:22:48,857 - INFO - The predicted stock grade for the next 1 day(s) is: 0.0
2024-05-16 18:48:34,417 - INFO - 
Config:
'add_train': False
'batch_size': 32
'continue_flag': ''
'debug_mode': False
'debug_num': 500
'do_continue_train': False
'do_figure_save': False
'do_log_print_to_screen': True
'do_log_save_to_file': True
'do_predict': True
'do_train': False
'do_train_visualized': False
'dropout_rate': 0.2
'epoch': 100
'feature_columns': [12, 15, 16, 17, 18]
'figure_save_path': './figure/'
'hidden_size': 64
'input_size': 4
'label_columns': [12]
'label_in_feature_index': [0]
'learning_rate': 0.0001
'log_save_path': './log/'
'lstm_layers': 2
'model_name': 'model_pytorch.pth'
'model_postfix': {'pytorch': '.pth'
'keras': '.h5'
'tensorflow': '.ckpt'}
'model_save_path': './checkpoint/pytorch/'
'output_size': 1
'patience': 50
'predict_day': 1
'random_seed': 42
'shuffle_train_data': True
'time_step': 14
'train_data_path': './data/Courses_reconstruct.csv'
'train_data_rate': 0.95
'use_cuda': True
'used_frame': 'pytorch'
'valid_data_rate': 0.15
2024-05-16 18:56:09,886 - INFO - 
Config:
'add_train': False
'batch_size': 32
'continue_flag': ''
'debug_mode': False
'debug_num': 500
'do_continue_train': False
'do_figure_save': False
'do_log_print_to_screen': True
'do_log_save_to_file': True
'do_predict': True
'do_train': False
'do_train_visualized': False
'dropout_rate': 0.2
'epoch': 100
'feature_columns': [12, 15, 16, 17, 18]
'figure_save_path': './figure/'
'hidden_size': 64
'input_size': 4
'label_columns': [12]
'label_in_feature_index': [0]
'learning_rate': 0.0001
'log_save_path': './log/'
'lstm_layers': 2
'model_name': 'model_pytorch.pth'
'model_postfix': {'pytorch': '.pth'
'keras': '.h5'
'tensorflow': '.ckpt'}
'model_save_path': './checkpoint/pytorch/'
'output_size': 1
'patience': 50
'predict_day': 1
'random_seed': 42
'shuffle_train_data': True
'time_step': 14
'train_data_path': './data/Courses_reconstruct.csv'
'train_data_rate': 0.95
'use_cuda': True
'used_frame': 'pytorch'
'valid_data_rate': 0.15
2024-05-16 18:58:32,572 - INFO - 
Config:
'add_train': False
'batch_size': 32
'continue_flag': ''
'debug_mode': False
'debug_num': 500
'do_continue_train': False
'do_figure_save': False
'do_log_print_to_screen': True
'do_log_save_to_file': True
'do_predict': True
'do_train': False
'do_train_visualized': False
'dropout_rate': 0.2
'epoch': 100
'feature_columns': [12, 15, 16, 17, 18]
'figure_save_path': './figure/'
'hidden_size': 64
'input_size': 4
'label_columns': [12]
'label_in_feature_index': [0]
'learning_rate': 0.0001
'log_save_path': './log/'
'lstm_layers': 2
'model_name': 'model_pytorch.pth'
'model_postfix': {'pytorch': '.pth'
'keras': '.h5'
'tensorflow': '.ckpt'}
'model_save_path': './checkpoint/pytorch/'
'output_size': 1
'patience': 50
'predict_day': 1
'random_seed': 42
'shuffle_train_data': True
'time_step': 14
'train_data_path': './data/Courses_reconstruct.csv'
'train_data_rate': 0.95
'use_cuda': True
'used_frame': 'pytorch'
'valid_data_rate': 0.15
2024-05-16 18:58:32,750 - INFO - The mean squared error of stock ['grade'] is [1.92296835]
2024-05-16 19:00:26,675 - INFO - 
Config:
'add_train': False
'batch_size': 32
'continue_flag': ''
'debug_mode': False
'debug_num': 500
'do_continue_train': False
'do_figure_save': False
'do_log_print_to_screen': True
'do_log_save_to_file': True
'do_predict': True
'do_train': False
'do_train_visualized': False
'dropout_rate': 0.2
'epoch': 100
'feature_columns': [12, 15, 16, 17, 18]
'figure_save_path': './figure/'
'hidden_size': 64
'input_size': 4
'label_columns': [12]
'label_in_feature_index': [0]
'learning_rate': 0.0001
'log_save_path': './log/'
'lstm_layers': 2
'model_name': 'model_pytorch.pth'
'model_postfix': {'pytorch': '.pth'
'keras': '.h5'
'tensorflow': '.ckpt'}
'model_save_path': './checkpoint/pytorch/'
'output_size': 1
'patience': 50
'predict_day': 1
'random_seed': 42
'shuffle_train_data': True
'time_step': 14
'train_data_path': './data/Courses_reconstruct.csv'
'train_data_rate': 0.95
'use_cuda': True
'used_frame': 'pytorch'
'valid_data_rate': 0.15
2024-05-16 19:00:26,853 - INFO - The mean squared error of stock ['grade'] is [1.92296835]
2024-05-16 19:07:28,118 - INFO - 
Config:
'add_train': False
'batch_size': 32
'continue_flag': ''
'debug_mode': False
'debug_num': 500
'do_continue_train': False
'do_figure_save': False
'do_log_print_to_screen': True
'do_log_save_to_file': True
'do_predict': True
'do_train': False
'do_train_visualized': False
'dropout_rate': 0.2
'epoch': 100
'feature_columns': [12, 15, 16, 17, 18]
'figure_save_path': './figure/'
'hidden_size': 64
'input_size': 4
'label_columns': [12]
'label_in_feature_index': [0]
'learning_rate': 0.0001
'log_save_path': './log/'
'lstm_layers': 2
'model_name': 'model_pytorch.pth'
'model_postfix': {'pytorch': '.pth'
'keras': '.h5'
'tensorflow': '.ckpt'}
'model_save_path': './checkpoint/pytorch/'
'output_size': 1
'patience': 50
'predict_day': 1
'random_seed': 42
'shuffle_train_data': True
'time_step': 14
'train_data_path': './data/Courses_reconstruct.csv'
'train_data_rate': 0.95
'use_cuda': True
'used_frame': 'pytorch'
'valid_data_rate': 0.15
2024-05-16 19:09:38,698 - INFO - 
Config:
'add_train': False
'batch_size': 32
'continue_flag': ''
'debug_mode': False
'debug_num': 500
'do_continue_train': False
'do_figure_save': False
'do_log_print_to_screen': True
'do_log_save_to_file': True
'do_predict': True
'do_train': False
'do_train_visualized': False
'dropout_rate': 0.2
'epoch': 100
'feature_columns': [12, 15, 16, 17, 18]
'figure_save_path': './figure/'
'hidden_size': 64
'input_size': 4
'label_columns': [12]
'label_in_feature_index': [0]
'learning_rate': 0.0001
'log_save_path': './log/'
'lstm_layers': 2
'model_name': 'model_pytorch.pth'
'model_postfix': {'pytorch': '.pth'
'keras': '.h5'
'tensorflow': '.ckpt'}
'model_save_path': './checkpoint/pytorch/'
'output_size': 1
'patience': 50
'predict_day': 1
'random_seed': 42
'shuffle_train_data': True
'time_step': 14
'train_data_path': './data/Courses_reconstruct.csv'
'train_data_rate': 0.95
'use_cuda': True
'used_frame': 'pytorch'
'valid_data_rate': 0.15
2024-05-16 19:17:30,888 - INFO - 
Config:
'add_train': False
'batch_size': 32
'continue_flag': ''
'debug_mode': False
'debug_num': 500
'do_continue_train': False
'do_figure_save': False
'do_log_print_to_screen': True
'do_log_save_to_file': True
'do_predict': True
'do_train': False
'do_train_visualized': False
'dropout_rate': 0.2
'epoch': 100
'feature_columns': [12, 15, 16, 17, 18]
'figure_save_path': './figure/'
'hidden_size': 64
'input_size': 4
'label_columns': [12]
'label_in_feature_index': [0]
'learning_rate': 0.0001
'log_save_path': './log/'
'lstm_layers': 2
'model_name': 'model_pytorch.pth'
'model_postfix': {'pytorch': '.pth'
'keras': '.h5'
'tensorflow': '.ckpt'}
'model_save_path': './checkpoint/pytorch/'
'output_size': 1
'patience': 50
'predict_day': 1
'random_seed': 42
'shuffle_train_data': True
'time_step': 14
'train_data_path': './data/Courses_reconstruct.csv'
'train_data_rate': 0.95
'use_cuda': True
'used_frame': 'pytorch'
'valid_data_rate': 0.15
2024-05-16 19:36:32,661 - INFO - 
Config:
'add_train': False
'batch_size': 32
'continue_flag': ''
'debug_mode': False
'debug_num': 500
'do_continue_train': False
'do_figure_save': False
'do_log_print_to_screen': True
'do_log_save_to_file': True
'do_predict': True
'do_train': False
'do_train_visualized': False
'dropout_rate': 0.2
'epoch': 100
'feature_columns': [12, 15, 16, 17, 18]
'figure_save_path': './figure/'
'hidden_size': 64
'input_size': 4
'label_columns': [12]
'label_in_feature_index': [0]
'learning_rate': 0.0001
'log_save_path': './log/'
'lstm_layers': 2
'model_name': 'model_pytorch.pth'
'model_postfix': {'pytorch': '.pth'
'keras': '.h5'
'tensorflow': '.ckpt'}
'model_save_path': './checkpoint/pytorch/'
'output_size': 1
'patience': 50
'predict_day': 1
'random_seed': 42
'shuffle_train_data': True
'time_step': 14
'train_data_path': './data/Courses_reconstruct.csv'
'train_data_rate': 0.95
'use_cuda': True
'used_frame': 'pytorch'
'valid_data_rate': 0.15
2024-05-16 19:36:53,964 - INFO - 
Config:
'add_train': False
'batch_size': 32
'continue_flag': ''
'debug_mode': False
'debug_num': 500
'do_continue_train': False
'do_figure_save': False
'do_log_print_to_screen': True
'do_log_save_to_file': True
'do_predict': True
'do_train': False
'do_train_visualized': False
'dropout_rate': 0.2
'epoch': 100
'feature_columns': [12, 15, 16, 17, 18]
'figure_save_path': './figure/'
'hidden_size': 64
'input_size': 4
'label_columns': [12]
'label_in_feature_index': [0]
'learning_rate': 0.0001
'log_save_path': './log/'
'lstm_layers': 2
'model_name': 'model_pytorch.pth'
'model_postfix': {'pytorch': '.pth'
'keras': '.h5'
'tensorflow': '.ckpt'}
'model_save_path': './checkpoint/pytorch/'
'output_size': 1
'patience': 50
'predict_day': 1
'random_seed': 42
'shuffle_train_data': True
'time_step': 14
'train_data_path': './data/Courses_reconstruct.csv'
'train_data_rate': 0.95
'use_cuda': True
'used_frame': 'pytorch'
'valid_data_rate': 0.15
